<?xml version="1.0" encoding="UTF-8" ?>
<testsuite errors="0" failures="0" hostname="MW39" name="test.RectangleTest" skipped="0" tests="2" time="0.061" timestamp="2020-02-26T11:12:12">
  <properties>
[...]
</properties>
  <testcase classname="test.RectangleTest" name="test" time="0.002" />
  <testcase classname="test.RectangleTest" name="testVerifRectangle" time="0.002" />
  <system-out><![CDATA[Rectangle r1 est Rectangle
Rectangle r2 est Carre
Rectangle r3 est Quadrilatere
]]></system-out>
  <system-err><![CDATA[]]></system-err>
</testsuite>
